<?xml version="1.0" encoding="UTF-8"?>
<!-- Generated by org.testng.reporters.JUnitReportReporter -->
<testsuite hostname="Hari" failures="0" tests="2" name="postAPIs.BookingAuthTest" time="5.428" errors="0" timestamp="2024-07-05T15:16:07 IST" skipped="0">
  <testcase classname="postAPIs.BookingAuthTest" name="getBookingAuthToken_with_JSON_String_Test" time="3.733"/>
  <testcase classname="postAPIs.BookingAuthTest" name="getBookingAuthToken_with_JSON_FileTest" time="1.695"/>
</testsuite> <!-- postAPIs.BookingAuthTest -->
