<?xml version="1.0" encoding="UTF-8"?>
<!-- Generated by org.testng.reporters.JUnitReportReporter -->
<testsuite hostname="Hari" failures="0" tests="1" name="putAPIs.RA_07_UpdateUserTest" time="2.270" errors="0" timestamp="2024-07-08T19:56:26 IST" skipped="0">
  <testcase classname="putAPIs.RA_07_UpdateUserTest" name="updateUserTest" time="2.270"/>
</testsuite> <!-- putAPIs.RA_07_UpdateUserTest -->
