<?xml version="1.0" encoding="UTF-8"?>
<!-- Generated by org.testng.reporters.JUnitReportReporter -->
<testsuite hostname="Hari" failures="0" tests="2" name="jsonPathValidatorTest.RA_05_JaywayJsonPathTest" time="2.408" errors="0" timestamp="2024-07-08T19:52:51 IST" skipped="0">
  <testcase classname="jsonPathValidatorTest.RA_05_JaywayJsonPathTest" name="getCircuitData" time="1.485"/>
  <testcase classname="jsonPathValidatorTest.RA_05_JaywayJsonPathTest" name="getProductTest" time="0.923"/>
</testsuite> <!-- jsonPathValidatorTest.RA_05_JaywayJsonPathTest -->
