<?xml version="1.0" encoding="UTF-8"?>
<!-- Generated by org.testng.reporters.JUnitReportReporter -->
<testsuite hostname="Hari" failures="0" tests="1" name="com.product.api.ProductAPITest" time="3.041" errors="0" timestamp="2024-07-06T07:00:33 IST" skipped="0">
  <testcase classname="com.product.api.ProductAPITest" name="getProductTest" time="3.041"/>
</testsuite> <!-- com.product.api.ProductAPITest -->
