<?xml version="1.0" encoding="UTF-8"?>
<!-- Generated by org.testng.reporters.JUnitReportReporter -->
<testsuite hostname="Hari" failures="0" tests="2" name="com.user.api.RA_06_CreateUserTestWithLombok" time="3.014" errors="0" timestamp="2024-07-08T19:55:21 IST" skipped="0">
  <testcase classname="com.user.api.RA_06_CreateUserTestWithLombok" name="createUserTest" time="2.506"/>
  <testcase classname="com.user.api.RA_06_CreateUserTestWithLombok" name="createUser_BuilderPatternTest" time="0.508"/>
</testsuite> <!-- com.user.api.RA_06_CreateUserTestWithLombok -->
