<?xml version="1.0" encoding="UTF-8"?>
<!-- Generated by org.testng.reporters.JUnitReportReporter -->
<testsuite hostname="Hari" failures="0" tests="1" name="postAPIs.RA_04_BookingAuthWithPojoTest" time="2.972" errors="0" timestamp="2024-07-08T19:51:50 IST" skipped="0">
  <testcase classname="postAPIs.RA_04_BookingAuthWithPojoTest" name="getBookingAuthToken_with_JSON_String_Test" time="2.972"/>
</testsuite> <!-- postAPIs.RA_04_BookingAuthWithPojoTest -->
