<?xml version="1.0" encoding="UTF-8"?>
<!-- Generated by org.testng.reporters.JUnitReportReporter -->
<testsuite hostname="Hari" failures="0" tests="7" name="multibody.RA_07_BodyAPITest" time="9.922" errors="0" timestamp="2024-07-08T14:16:52 IST" skipped="0">
  <testcase classname="multibody.RA_07_BodyAPITest" name="bodyWithTextTest" time="2.538"/>
  <testcase classname="multibody.RA_07_BodyAPITest" name="bodyWithJavaScriptTest" time="0.601"/>
  <testcase classname="multibody.RA_07_BodyAPITest" name="bodyWithHTMLTest" time="0.715"/>
  <testcase classname="multibody.RA_07_BodyAPITest" name="bodyWithXMLTest" time="0.607"/>
  <testcase classname="multibody.RA_07_BodyAPITest" name="bodyWithFormDataMultiPartTest" time="1.672"/>
  <testcase classname="multibody.RA_07_BodyAPITest" name="bodyWithBinaryTest" time="1.915"/>
  <testcase classname="multibody.RA_07_BodyAPITest" name="bodyWithurlencodedTest" time="1.874"/>
</testsuite> <!-- multibody.RA_07_BodyAPITest -->
