<?xml version="1.0" encoding="UTF-8"?>
<!-- Generated by org.testng.reporters.JUnitReportReporter -->
<testsuite hostname="Hari" failures="0" tests="1" name="specificationConcept.ReqResSpecTest" time="4.867" errors="0" timestamp="2024-07-05T14:33:24 IST" skipped="0">
  <testcase classname="specificationConcept.ReqResSpecTest" name="getUser_with_Req_Res_Spec_Test" time="4.867"/>
</testsuite> <!-- specificationConcept.ReqResSpecTest -->
