<?xml version="1.0" encoding="UTF-8"?>
<!-- Generated by org.testng.reporters.JUnitReportReporter -->
<testsuite hostname="Hari" failures="0" tests="2" name="jayWayJsonPathValidatorTest.RA_05_JaywayJsonPathTest" time="1.962" errors="0" timestamp="2024-07-08T19:53:36 IST" skipped="0">
  <testcase classname="jayWayJsonPathValidatorTest.RA_05_JaywayJsonPathTest" name="getCircuitData" time="1.470"/>
  <testcase classname="jayWayJsonPathValidatorTest.RA_05_JaywayJsonPathTest" name="getProductTest" time="0.492"/>
</testsuite> <!-- jayWayJsonPathValidatorTest.RA_05_JaywayJsonPathTest -->
