<?xml version="1.0" encoding="UTF-8"?>
<!-- Generated by org.testng.reporters.JUnitReportReporter -->
<testsuite hostname="Hari" failures="0" tests="1" name="postAPIs.RA_04_CreateUserWithPOJOTest" time="2.304" errors="0" timestamp="2024-07-08T19:52:07 IST" skipped="0">
  <testcase classname="postAPIs.RA_04_CreateUserWithPOJOTest" name="addUserTest" time="2.304"/>
</testsuite> <!-- postAPIs.RA_04_CreateUserWithPOJOTest -->
