<?xml version="1.0" encoding="UTF-8"?>
<!-- Generated by org.testng.reporters.JUnitReportReporter -->
<testsuite hostname="Hari" failures="0" tests="1" name="multibody.BodyAPITest" time="2.389" errors="0" timestamp="2024-07-08T13:34:15 IST" skipped="0">
  <testcase classname="multibody.BodyAPITest" name="bodyWithTextTest" time="2.389"/>
</testsuite> <!-- multibody.BodyAPITest -->
