<?xml version="1.0" encoding="UTF-8"?>
<!-- Generated by org.testng.reporters.JUnitReportReporter -->
<testsuite hostname="Hari" failures="0" tests="1" name="jsonPathValidatorTest.RA_05_JsonPathTest" time="2.630" errors="0" timestamp="2024-07-06T05:24:23 IST" skipped="0">
  <testcase classname="jsonPathValidatorTest.RA_05_JsonPathTest" name="getProductTest" time="2.630"/>
</testsuite> <!-- jsonPathValidatorTest.RA_05_JsonPathTest -->
