<?xml version="1.0" encoding="UTF-8"?>
<!-- Generated by org.testng.reporters.JUnitReportReporter -->
<testsuite hostname="Hari" failures="0" tests="7" name="getAPIs.RA_02_GETAPIRequestWithBDDTest1" time="5.641" errors="0" timestamp="2024-07-09T16:27:27 IST" skipped="0">
  <testcase classname="getAPIs.RA_02_GETAPIRequestWithBDDTest1" name="getProductsTest" time="2.423"/>
  <testcase classname="getAPIs.RA_02_GETAPIRequestWithBDDTest1" name="getUserAPITest" time="0.512"/>
  <testcase classname="getAPIs.RA_02_GETAPIRequestWithBDDTest1" name="getProductDataAPIWithQueryParamTest" time="0.475"/>
  <testcase classname="getAPIs.RA_02_GETAPIRequestWithBDDTest1" name="getProductDataAPIWith_Extract_Body" time="0.424"/>
  <testcase classname="getAPIs.RA_02_GETAPIRequestWithBDDTest1" name="getProductDataAPIWith_Extract_Body_withArray" time="0.719"/>
  <testcase classname="getAPIs.RA_02_GETAPIRequestWithBDDTest1" name="getUserAPIWith_Extract_Body_withJson" time="0.724"/>
  <testcase classname="getAPIs.RA_02_GETAPIRequestWithBDDTest1" name="getUserAPIWith_Extract_Body_withJson_Extract" time="0.364"/>
</testsuite> <!-- getAPIs.RA_02_GETAPIRequestWithBDDTest1 -->
