<?xml version="1.0" encoding="UTF-8"?>
<!-- Generated by org.testng.reporters.JUnitReportReporter -->
<testsuite hostname="Hari" failures="0" tests="5" name="getAPIs.RA_02_GetAPIwithPathParam" time="5.994" errors="0" timestamp="2024-07-08T07:06:39 IST" skipped="0">
  <testcase classname="getAPIs.RA_02_GetAPIwithPathParam" name="getCircuitsAPIWith_year_DataProviderTest" time="3.401"/>
  <testcase classname="getAPIs.RA_02_GetAPIwithPathParam" name="getCircuitsAPIWith_year_DataProviderTest" time="0.646"/>
  <testcase classname="getAPIs.RA_02_GetAPIwithPathParam" name="getCircuitsAPIWith_year_DataProviderTest" time="0.627"/>
  <testcase classname="getAPIs.RA_02_GetAPIwithPathParam" name="getCircuitsAPIWith_year_DataProviderTest" time="0.679"/>
  <testcase classname="getAPIs.RA_02_GetAPIwithPathParam" name="getCircuitsAPIWith_year_DataProviderTest" time="0.641"/>
</testsuite> <!-- getAPIs.RA_02_GetAPIwithPathParam -->
