<?xml version="1.0" encoding="UTF-8"?>
<!-- Generated by org.testng.reporters.JUnitReportReporter -->
<testsuite hostname="Hari" failures="0" tests="2" name="com.product.api.RA_05_GetProductAPITest" time="2.182" errors="0" timestamp="2024-07-08T19:54:51 IST" skipped="0">
  <testcase classname="com.product.api.RA_05_GetProductAPITest" name="getProductTest_With_POJO" time="1.882"/>
  <testcase classname="com.product.api.RA_05_GetProductAPITest" name="getProductTest_With_POJO__with_Lombok" time="0.300"/>
</testsuite> <!-- com.product.api.RA_05_GetProductAPITest -->
