<?xml version="1.0" encoding="UTF-8"?>
<!-- Generated by org.testng.reporters.JUnitReportReporter -->
<testsuite hostname="Hari" failures="0" tests="3" name="getAPIs.GETAPIRequestWithOutBDDTest" time="1.894" errors="0" timestamp="2024-06-10T22:11:24 IST" skipped="0">
  <testcase classname="getAPIs.GETAPIRequestWithOutBDDTest" name="getAllUsersAPITest" time="1.239"/>
  <testcase classname="getAPIs.GETAPIRequestWithOutBDDTest" name="getAllUsersWithQueryParameterAPITest" time="0.282"/>
  <testcase classname="getAPIs.GETAPIRequestWithOutBDDTest" name="getAllUsersWithQueryParameter_WithHashMap_APITest" time="0.373"/>
</testsuite> <!-- getAPIs.GETAPIRequestWithOutBDDTest -->
