<?xml version="1.0" encoding="UTF-8"?>
<!-- Generated by org.testng.reporters.JUnitReportReporter -->
<testsuite hostname="Hari" failures="0" tests="1" name="deleteAPIs.RA_07_DeleteUserTest" time="2.440" errors="0" timestamp="2024-07-08T19:56:47 IST" skipped="0">
  <testcase classname="deleteAPIs.RA_07_DeleteUserTest" name="deleteUserTest" time="2.440"/>
</testsuite> <!-- deleteAPIs.RA_07_DeleteUserTest -->
