<?xml version="1.0" encoding="UTF-8"?>
<!-- Generated by org.testng.reporters.JUnitReportReporter -->
<testsuite hostname="Hari" failures="0" tests="2" name="specificationConcept.RA_03_ResponseSpecBuilderTest" time="4.176" errors="0" timestamp="2024-07-05T21:18:23 IST" skipped="0">
  <testcase classname="specificationConcept.RA_03_ResponseSpecBuilderTest" name="get_user_res_200_spec_Test" time="3.116"/>
  <testcase classname="specificationConcept.RA_03_ResponseSpecBuilderTest" name="get_user_res_401_Auth__Fail_Test" time="1.060"/>
</testsuite> <!-- specificationConcept.RA_03_ResponseSpecBuilderTest -->
