<?xml version="1.0" encoding="UTF-8"?>
<!-- Generated by org.testng.reporters.JUnitReportReporter -->
<testsuite hostname="Hari" failures="0" tests="2" name="postAPIs.RA_03_BookingAuthTest" time="5.281" errors="0" timestamp="2024-07-05T21:19:07 IST" skipped="0">
  <testcase classname="postAPIs.RA_03_BookingAuthTest" name="getBookingAuthToken_with_JSON_String_Test" time="3.730"/>
  <testcase classname="postAPIs.RA_03_BookingAuthTest" name="getBookingAuthToken_with_JSON_FileTest" time="1.551"/>
</testsuite> <!-- postAPIs.RA_03_BookingAuthTest -->
