<?xml version="1.0" encoding="UTF-8"?>
<!-- Generated by org.testng.reporters.JUnitReportReporter -->
<testsuite hostname="Hari" failures="0" tests="6" name="getAPIs.RA_02_GetAPIwithPathParam" time="5.483" errors="0" timestamp="2024-07-08T19:47:41 IST" skipped="0">
  <testcase classname="getAPIs.RA_02_GetAPIwithPathParam" name="getCircuitsAPIWithPathParamTest" time="2.360"/>
  <testcase classname="getAPIs.RA_02_GetAPIwithPathParam" name="getCircuitsAPIWith_year_DataProviderTest" time="0.615"/>
  <testcase classname="getAPIs.RA_02_GetAPIwithPathParam" name="getCircuitsAPIWith_year_DataProviderTest" time="0.607"/>
  <testcase classname="getAPIs.RA_02_GetAPIwithPathParam" name="getCircuitsAPIWith_year_DataProviderTest" time="0.631"/>
  <testcase classname="getAPIs.RA_02_GetAPIwithPathParam" name="getCircuitsAPIWith_year_DataProviderTest" time="0.610"/>
  <testcase classname="getAPIs.RA_02_GetAPIwithPathParam" name="getCircuitsAPIWith_year_DataProviderTest" time="0.660"/>
</testsuite> <!-- getAPIs.RA_02_GetAPIwithPathParam -->
