<?xml version="1.0" encoding="UTF-8"?>
<!-- Generated by org.testng.reporters.JUnitReportReporter -->
<testsuite hostname="Hari" failures="0" tests="7" name="getAPIs.GETAPIRequestWithBDDTest" time="6.055" errors="0" timestamp="2024-06-10T22:10:47 IST" skipped="0">
  <testcase classname="getAPIs.GETAPIRequestWithBDDTest" name="getProductsTest" time="3.161"/>
  <testcase classname="getAPIs.GETAPIRequestWithBDDTest" name="getUserAPITest" time="0.230"/>
  <testcase classname="getAPIs.GETAPIRequestWithBDDTest" name="getProductDataAPIWithQueryParamTest" time="0.581"/>
  <testcase classname="getAPIs.GETAPIRequestWithBDDTest" name="getProductDataAPIWith_Extract_Body" time="0.690"/>
  <testcase classname="getAPIs.GETAPIRequestWithBDDTest" name="getProductDataAPIWith_Extract_Body_withArray" time="0.697"/>
  <testcase classname="getAPIs.GETAPIRequestWithBDDTest" name="getUserAPIWith_Extract_Body_withJson" time="0.379"/>
  <testcase classname="getAPIs.GETAPIRequestWithBDDTest" name="getUserAPIWith_Extract_Body_withJson_Extract" time="0.317"/>
</testsuite> <!-- getAPIs.GETAPIRequestWithBDDTest -->
