<?xml version="1.0" encoding="UTF-8"?>
<!-- Generated by org.testng.reporters.JUnitReportReporter -->
<testsuite hostname="Hari" failures="0" tests="1" name="postAPIs.RA_03_CreateUserTest" time="2.160" errors="0" timestamp="2024-07-08T19:51:26 IST" skipped="0">
  <testcase classname="postAPIs.RA_03_CreateUserTest" name="addUserTest" time="2.160"/>
</testsuite> <!-- postAPIs.RA_03_CreateUserTest -->
