<?xml version="1.0" encoding="UTF-8"?>
<!-- Generated by org.testng.reporters.JUnitReportReporter -->
<testsuite hostname="Hari" failures="0" tests="2" name="specificationConcept.RequestSpecBuilderTest" time="4.178" errors="0" timestamp="2024-07-05T14:15:11 IST" skipped="0">
  <testcase classname="specificationConcept.RequestSpecBuilderTest" name="getUser_with_Request_Spec" time="2.348"/>
  <testcase classname="specificationConcept.RequestSpecBuilderTest" name="getUser_with_param_Request_Spec" time="1.830"/>
</testsuite> <!-- specificationConcept.RequestSpecBuilderTest -->
