<?xml version="1.0" encoding="UTF-8"?>
<!-- Generated by org.testng.reporters.JUnitReportReporter -->
<testsuite hostname="Hari" failures="0" tests="1" name="com.user.api.RA_06_CreateUserTestWithLombok" time="3.133" errors="0" timestamp="2024-07-08T10:03:16 IST" skipped="0">
  <testcase classname="com.user.api.RA_06_CreateUserTestWithLombok" name="createUser_BuilderPatternTest" time="3.133"/>
</testsuite> <!-- com.user.api.RA_06_CreateUserTestWithLombok -->
