<?xml version="1.0" encoding="UTF-8"?>
<!-- Generated by org.testng.reporters.JUnitReportReporter -->
<testsuite hostname="Hari" failures="0" tests="7" name="multibody.RA_07_BodyAPITest" time="7.762" errors="0" timestamp="2024-07-08T19:57:31 IST" skipped="0">
  <testcase classname="multibody.RA_07_BodyAPITest" name="bodyWithTextTest" time="1.894"/>
  <testcase classname="multibody.RA_07_BodyAPITest" name="bodyWithJavaScriptTest" time="0.470"/>
  <testcase classname="multibody.RA_07_BodyAPITest" name="bodyWithHTMLTest" time="0.796"/>
  <testcase classname="multibody.RA_07_BodyAPITest" name="bodyWithXMLTest" time="0.685"/>
  <testcase classname="multibody.RA_07_BodyAPITest" name="bodyWithFormDataMultiPartTest" time="1.446"/>
  <testcase classname="multibody.RA_07_BodyAPITest" name="bodyWithBinaryTest" time="1.415"/>
  <testcase classname="multibody.RA_07_BodyAPITest" name="bodyWithurlencodedTest" time="1.056"/>
</testsuite> <!-- multibody.RA_07_BodyAPITest -->
