<?xml version="1.0" encoding="UTF-8"?>
<!-- Generated by org.testng.reporters.JUnitReportReporter -->
<testsuite hostname="Hari" failures="0" tests="7" name="getAPIs.RA_02_GETAPIRequestWithBDDTest" time="5.116" errors="0" timestamp="2024-07-08T15:09:20 IST" skipped="0">
  <testcase classname="getAPIs.RA_02_GETAPIRequestWithBDDTest" name="getProductsTest" time="2.450"/>
  <testcase classname="getAPIs.RA_02_GETAPIRequestWithBDDTest" name="getUserAPITest" time="0.321"/>
  <testcase classname="getAPIs.RA_02_GETAPIRequestWithBDDTest" name="getProductDataAPIWithQueryParamTest" time="0.386"/>
  <testcase classname="getAPIs.RA_02_GETAPIRequestWithBDDTest" name="getProductDataAPIWith_Extract_Body" time="0.645"/>
  <testcase classname="getAPIs.RA_02_GETAPIRequestWithBDDTest" name="getProductDataAPIWith_Extract_Body_withArray" time="0.416"/>
  <testcase classname="getAPIs.RA_02_GETAPIRequestWithBDDTest" name="getUserAPIWith_Extract_Body_withJson" time="0.310"/>
  <testcase classname="getAPIs.RA_02_GETAPIRequestWithBDDTest" name="getUserAPIWith_Extract_Body_withJson_Extract" time="0.588"/>
</testsuite> <!-- getAPIs.RA_02_GETAPIRequestWithBDDTest -->
