<?xml version="1.0" encoding="UTF-8"?>
<!-- Generated by org.testng.reporters.JUnitReportReporter -->
<testsuite hostname="Hari" failures="0" tests="1" name="postAPIs.RA_03_OAuth2Test" time="5.773" errors="0" timestamp="2024-07-06T14:18:49 IST" skipped="0">
  <testcase classname="postAPIs.RA_03_OAuth2Test" name="getFlightTest" time="5.773"/>
</testsuite> <!-- postAPIs.RA_03_OAuth2Test -->
