<?xml version="1.0" encoding="UTF-8"?>
<!-- Generated by org.testng.reporters.JUnitReportReporter -->
<testsuite hostname="Hari" failures="0" tests="1" name="deleteAPIs.RA_07_DeleteUserTest" time="3.351" errors="0" timestamp="2024-07-08T12:29:40 IST" skipped="0">
  <testcase classname="deleteAPIs.RA_07_DeleteUserTest" name="deleteUserTest" time="3.351"/>
</testsuite> <!-- deleteAPIs.RA_07_DeleteUserTest -->
