<?xml version="1.0" encoding="UTF-8"?>
<!-- Generated by org.testng.reporters.JUnitReportReporter -->
<testsuite hostname="Hari" failures="0" tests="1" name="specificationConcept.RA_03_ReqResSpecTest" time="3.538" errors="0" timestamp="2024-07-05T21:18:31 IST" skipped="0">
  <testcase classname="specificationConcept.RA_03_ReqResSpecTest" name="getUser_with_Req_Res_Spec_Test" time="3.538"/>
</testsuite> <!-- specificationConcept.RA_03_ReqResSpecTest -->
