<?xml version="1.0" encoding="UTF-8"?>
<!-- Generated by org.testng.reporters.JUnitReportReporter -->
<testsuite hostname="Hari" failures="0" tests="2" name="specificationConcept.RA_03_RequestSpecBuilderTest" time="2.422" errors="0" timestamp="2024-07-08T19:48:14 IST" skipped="0">
  <testcase classname="specificationConcept.RA_03_RequestSpecBuilderTest" name="getUser_with_Request_Spec" time="1.461"/>
  <testcase classname="specificationConcept.RA_03_RequestSpecBuilderTest" name="getUser_with_param_Request_Spec" time="0.961"/>
</testsuite> <!-- specificationConcept.RA_03_RequestSpecBuilderTest -->
