<?xml version="1.0" encoding="UTF-8"?>
<!-- Generated by org.testng.reporters.JUnitReportReporter -->
<testsuite hostname="Hari" failures="0" tests="1" name="oAuth2.RA_03_OAuth2Test" time="3.934" errors="0" timestamp="2024-07-08T19:49:13 IST" skipped="0">
  <testcase classname="oAuth2.RA_03_OAuth2Test" name="getFlightTest" time="3.934"/>
</testsuite> <!-- oAuth2.RA_03_OAuth2Test -->
