<?xml version="1.0" encoding="UTF-8"?>
<!-- Generated by org.testng.reporters.JUnitReportReporter -->
<testsuite hostname="Hari" failures="0" tests="1" name="jsonPathValidatorTest.JsonPathTest" time="1.798" errors="0" timestamp="2024-06-11T17:28:52 IST" skipped="0">
  <testcase classname="jsonPathValidatorTest.JsonPathTest" name="getCircuitData" time="1.798"/>
</testsuite> <!-- jsonPathValidatorTest.JsonPathTest -->
