<?xml version="1.0" encoding="UTF-8"?>
<!-- Generated by org.testng.reporters.JUnitReportReporter -->
<testsuite hostname="Hari" failures="0" tests="5" name="getAPIs.GetAPIwithPathParam" time="6.428" errors="0" timestamp="2024-06-10T22:11:05 IST" skipped="0">
  <testcase classname="getAPIs.GetAPIwithPathParam" name="getCircuitsAPIWithPathParamTest" time="2.844"/>
  <testcase classname="getAPIs.GetAPIwithPathParam" name="getCircuitsAPIWith_year_DataProviderTest" time="0.859"/>
  <testcase classname="getAPIs.GetAPIwithPathParam" name="getCircuitsAPIWith_year_DataProviderTest" time="0.711"/>
  <testcase classname="getAPIs.GetAPIwithPathParam" name="getCircuitsAPIWith_year_DataProviderTest" time="1.105"/>
  <testcase classname="getAPIs.GetAPIwithPathParam" name="getCircuitsAPIWith_year_DataProviderTest" time="0.909"/>
</testsuite> <!-- getAPIs.GetAPIwithPathParam -->
