<?xml version="1.0" encoding="UTF-8"?>
<!-- Generated by org.testng.reporters.JUnitReportReporter -->
<testsuite hostname="Hari" failures="0" tests="2" name="specificationConcept.ResponseSpecBuilderTest" time="4.322" errors="0" timestamp="2024-07-05T14:27:45 IST" skipped="0">
  <testcase classname="specificationConcept.ResponseSpecBuilderTest" name="get_user_res_200_spec_Test" time="3.154"/>
  <testcase classname="specificationConcept.ResponseSpecBuilderTest" name="get_user_res_401_Auth__Fail_Test" time="1.168"/>
</testsuite> <!-- specificationConcept.ResponseSpecBuilderTest -->
