<?xml version="1.0" encoding="UTF-8"?>
<!-- Generated by org.testng.reporters.JUnitReportReporter -->
<testsuite hostname="Hari" failures="0" tests="2" name="jsonPathValidatorTest.RA_05_JaywayJsonPathTest" time="2.621" errors="0" timestamp="2024-07-06T06:16:31 IST" skipped="0">
  <testcase classname="jsonPathValidatorTest.RA_05_JaywayJsonPathTest" name="getCircuitData" time="1.646"/>
  <testcase classname="jsonPathValidatorTest.RA_05_JaywayJsonPathTest" name="getProductTest" time="0.975"/>
</testsuite> <!-- jsonPathValidatorTest.RA_05_JaywayJsonPathTest -->
