<?xml version="1.0" encoding="UTF-8"?>
<!-- Generated by org.testng.reporters.JUnitReportReporter -->
<testsuite hostname="Hari" failures="0" tests="7" name="_01_getAPIs.RA_02_GETAPIRequestWithBDDTest" time="6.299" errors="0" timestamp="2024-07-09T16:50:06 IST" skipped="0">
  <testcase classname="_01_getAPIs.RA_02_GETAPIRequestWithBDDTest" name="getProductsTest" time="2.457"/>
  <testcase classname="_01_getAPIs.RA_02_GETAPIRequestWithBDDTest" name="getUserAPITest" time="0.553"/>
  <testcase classname="_01_getAPIs.RA_02_GETAPIRequestWithBDDTest" name="getProductDataAPIWithQueryParamTest" time="0.527"/>
  <testcase classname="_01_getAPIs.RA_02_GETAPIRequestWithBDDTest" name="getProductDataAPIWith_Extract_Body" time="0.723"/>
  <testcase classname="_01_getAPIs.RA_02_GETAPIRequestWithBDDTest" name="getProductDataAPIWith_Extract_Body_withArray" time="0.724"/>
  <testcase classname="_01_getAPIs.RA_02_GETAPIRequestWithBDDTest" name="getUserAPIWith_Extract_Body_withJson" time="0.836"/>
  <testcase classname="_01_getAPIs.RA_02_GETAPIRequestWithBDDTest" name="getUserAPIWith_Extract_Body_withJson_Extract" time="0.479"/>
</testsuite> <!-- _01_getAPIs.RA_02_GETAPIRequestWithBDDTest -->
