<?xml version="1.0" encoding="UTF-8"?>
<!-- Generated by org.testng.reporters.JUnitReportReporter -->
<testsuite hostname="Hari" failures="0" tests="1" name="postAPIs.OAuth2Test" time="4.986" errors="0" timestamp="2024-07-05T16:14:06 IST" skipped="0">
  <testcase classname="postAPIs.OAuth2Test" name="getFlightTest" time="4.986"/>
</testsuite> <!-- postAPIs.OAuth2Test -->
