<?xml version="1.0" encoding="UTF-8"?>
<!-- Generated by org.testng.reporters.JUnitReportReporter -->
<testsuite hostname="Hari" failures="0" tests="3" name="getAPIs.GETAPIRequestTest" time="2.035" errors="0" timestamp="2024-06-08T20:05:55 IST" skipped="0">
  <testcase classname="getAPIs.GETAPIRequestTest" name="getAllUsersAPITest" time="1.416"/>
  <testcase classname="getAPIs.GETAPIRequestTest" name="getAllUsersWithQueryParameterAPITest" time="0.315"/>
  <testcase classname="getAPIs.GETAPIRequestTest" name="getAllUsersWithQueryParameter_WithHashMap_APITest" time="0.304"/>
</testsuite> <!-- getAPIs.GETAPIRequestTest -->
