<?xml version="1.0" encoding="UTF-8"?>
<!-- Generated by org.testng.reporters.JUnitReportReporter -->
<testsuite hostname="Hari" failures="0" tests="2" name="specificationConcept.RA_03_ResponseSpecBuilderTest" time="1.942" errors="0" timestamp="2024-07-08T19:48:26 IST" skipped="0">
  <testcase classname="specificationConcept.RA_03_ResponseSpecBuilderTest" name="get_user_res_200_spec_Test" time="1.818"/>
  <testcase classname="specificationConcept.RA_03_ResponseSpecBuilderTest" name="get_user_res_401_Auth__Fail_Test" time="0.124"/>
</testsuite> <!-- specificationConcept.RA_03_ResponseSpecBuilderTest -->
