<?xml version="1.0" encoding="UTF-8"?>
<!-- Generated by org.testng.reporters.JUnitReportReporter -->
<testsuite hostname="Hari" failures="0" tests="1" name="postAPIs.CreateUserWithPOJOTest" time="3.409" errors="0" timestamp="2024-06-11T14:43:49 IST" skipped="0">
  <testcase classname="postAPIs.CreateUserWithPOJOTest" name="addUserTest" time="3.409"/>
</testsuite> <!-- postAPIs.CreateUserWithPOJOTest -->
