<?xml version="1.0" encoding="UTF-8"?>
<!-- Generated by org.testng.reporters.JUnitReportReporter -->
<testsuite hostname="Hari" failures="0" tests="2" name="com.pet.api.RA_06_CreatePetTest" time="4.808" errors="0" timestamp="2024-07-08T11:41:24 IST" skipped="0">
  <testcase classname="com.pet.api.RA_06_CreatePetTest" name="createPetUser" time="3.254"/>
  <testcase classname="com.pet.api.RA_06_CreatePetTest" name="createPet_WithBuilderPattern_User" time="1.554"/>
</testsuite> <!-- com.pet.api.RA_06_CreatePetTest -->
