<?xml version="1.0" encoding="UTF-8"?>
<!-- Generated by org.testng.reporters.JUnitReportReporter -->
<testsuite hostname="Hari" failures="0" tests="1" name="postAPIs.CreateUserTest" time="5.094" errors="0" timestamp="2024-07-05T15:34:50 IST" skipped="0">
  <testcase classname="postAPIs.CreateUserTest" name="addUserTest" time="5.094"/>
</testsuite> <!-- postAPIs.CreateUserTest -->
