<?xml version="1.0" encoding="UTF-8"?>
<!-- Generated by org.testng.reporters.JUnitReportReporter -->
<testsuite hostname="Hari" failures="0" tests="6" name="authAPIs.RA_08_AuthTest" time="12.658" errors="0" timestamp="2024-07-08T20:36:46 IST" skipped="0">
  <testcase classname="authAPIs.RA_08_AuthTest" name="jwtAuthTest" time="5.216"/>
  <testcase classname="authAPIs.RA_08_AuthTest" name="basicAuthTest" time="2.061"/>
  <testcase classname="authAPIs.RA_08_AuthTest" name="preemptiveAuthTest" time="1.597"/>
  <testcase classname="authAPIs.RA_08_AuthTest" name="digestAuthTest" time="2.035"/>
  <testcase classname="authAPIs.RA_08_AuthTest" name="getAccessToken" time="1.565"/>
  <testcase classname="authAPIs.RA_08_AuthTest" name="apiKeyAuthTest" time="0.184"/>
</testsuite> <!-- authAPIs.RA_08_AuthTest -->
