<?xml version="1.0" encoding="UTF-8"?>
<!-- Generated by org.testng.reporters.JUnitReportReporter -->
<testsuite hostname="Hari" failures="0" tests="2" name="schemaValidation.RA_07_SchemaValidationTest" time="2.767" errors="0" timestamp="2024-07-08T20:30:52 IST" skipped="0">
  <testcase classname="schemaValidation.RA_07_SchemaValidationTest" name="getOneUserAPISchemaValidationTest" time="2.355"/>
  <testcase classname="schemaValidation.RA_07_SchemaValidationTest" name="getAllUserAPISchemaValidationTest" time="0.412"/>
</testsuite> <!-- schemaValidation.RA_07_SchemaValidationTest -->
