<?xml version="1.0" encoding="UTF-8"?>
<!-- Generated by org.testng.reporters.JUnitReportReporter -->
<testsuite hostname="Hari" failures="0" tests="2" name="com.product.api.RA_05_ProductAPITest" time="3.809" errors="0" timestamp="2024-07-06T08:36:36 IST" skipped="0">
  <testcase classname="com.product.api.RA_05_ProductAPITest" name="getProductTest_With_POJO" time="2.845"/>
  <testcase classname="com.product.api.RA_05_ProductAPITest" name="getProductTest_With_POJO__with_Lombok" time="0.964"/>
</testsuite> <!-- com.product.api.RA_05_ProductAPITest -->
