<?xml version="1.0" encoding="UTF-8"?>
<!-- Generated by org.testng.reporters.JUnitReportReporter -->
<testsuite hostname="Hari" failures="0" tests="1" name="postAPIs.BookingAuthWithPojoTest" time="3.752" errors="0" timestamp="2024-06-11T14:04:14 IST" skipped="0">
  <testcase classname="postAPIs.BookingAuthWithPojoTest" name="getBookingAuthToken_with_JSON_String_Test" time="3.752"/>
</testsuite> <!-- postAPIs.BookingAuthWithPojoTest -->
